<?xml version="1.0" encoding="UTF-8"?>
<testsuite xmlns:xsi="http://www.w3.org/2001/XMLSchema-instance" xsi:noNamespaceSchemaLocation="https://maven.apache.org/surefire/maven-surefire-plugin/xsd/surefire-test-report.xsd" version="3.0.2" name="com.rubenrf.cafeteria_app.CafeteriaAppApplicationTests" time="21.231" tests="12" errors="0" skipped="0" failures="0">
  <properties>
[...]
</properties>
  <testcase name="obtenerClientesVacio" classname="com.rubenrf.cafeteria_app.CafeteriaAppApplicationTests" time="1.226">
    <system-out><![CDATA[17:44:34.156 [main] INFO org.springframework.test.context.support.AnnotationConfigContextLoaderUtils -- Could not detect default configuration classes for test class [com.rubenrf.cafeteria_app.CafeteriaAppApplicationTests]: CafeteriaAppApplicationTests does not declare any static, non-private, non-final, nested classes annotated with @Configuration.
17:44:34.285 [main] INFO org.springframework.boot.test.context.SpringBootTestContextBootstrapper -- Found @SpringBootConfiguration com.rubenrf.cafeteria_app.CafeteriaAppApplication for test class com.rubenrf.cafeteria_app.CafeteriaAppApplicationTests

  .   ____          _            __ _ _
 /\\ / ___'_ __ _ _(_)_ __  __ _ \ \ \ \
( ( )\___ | '_ | '_| | '_ \/ _` | \ \ \ \
 \\/  ___)| |_)| | | | | || (_| |  ) ) ) )
  '  |____| .__|_| |_|_| |_\__, | / / / /
 =========|_|==============|___/=/_/_/_/

 :: Spring Boot ::                (v3.4.5)

2025-04-28T17:44:34.900-05:00  INFO 4412 --- [cafeteria-app] [           main] c.r.c.CafeteriaAppApplicationTests       : Starting CafeteriaAppApplicationTests using Java 21.0.6 with PID 4412 (started by ruben in d:\Universidad\7 Semestre\Modelos de calidad de software\3 Corte\cafeteria-app\cafeteria-app)
2025-04-28T17:44:34.901-05:00  INFO 4412 --- [cafeteria-app] [           main] c.r.c.CafeteriaAppApplicationTests       : No active profile set, falling back to 1 default profile: "default"
2025-04-28T17:44:35.976-05:00  INFO 4412 --- [cafeteria-app] [           main] .s.d.r.c.RepositoryConfigurationDelegate : Bootstrapping Spring Data JPA repositories in DEFAULT mode.
2025-04-28T17:44:36.039-05:00  INFO 4412 --- [cafeteria-app] [           main] .s.d.r.c.RepositoryConfigurationDelegate : Finished Spring Data repository scanning in 54 ms. Found 2 JPA repository interfaces.
2025-04-28T17:44:36.357-05:00  INFO 4412 --- [cafeteria-app] [           main] o.s.cloud.context.scope.GenericScope     : BeanFactory id=e0de4e0c-0d85-3687-9d77-2bd3afb77894
2025-04-28T17:44:37.079-05:00  INFO 4412 --- [cafeteria-app] [           main] o.s.b.w.embedded.tomcat.TomcatWebServer  : Tomcat initialized with port 0 (http)
2025-04-28T17:44:37.093-05:00  INFO 4412 --- [cafeteria-app] [           main] o.apache.catalina.core.StandardService   : Starting service [Tomcat]
2025-04-28T17:44:37.093-05:00  INFO 4412 --- [cafeteria-app] [           main] o.apache.catalina.core.StandardEngine    : Starting Servlet engine: [Apache Tomcat/10.1.40]
2025-04-28T17:44:37.179-05:00  INFO 4412 --- [cafeteria-app] [           main] o.a.c.c.C.[Tomcat].[localhost].[/]       : Initializing Spring embedded WebApplicationContext
2025-04-28T17:44:37.181-05:00  INFO 4412 --- [cafeteria-app] [           main] w.s.c.ServletWebServerApplicationContext : Root WebApplicationContext: initialization completed in 2043 ms
2025-04-28T17:44:37.291-05:00  INFO 4412 --- [cafeteria-app] [           main] org.testcontainers.images.PullPolicy     : Image pull policy will be performed by: DefaultPullPolicy()
2025-04-28T17:44:37.295-05:00  INFO 4412 --- [cafeteria-app] [           main] o.t.utility.ImageNameSubstitutor         : Image name substitution will be performed by: DefaultImageNameSubstitutor (composite of 'ConfigurationFileImageNameSubstitutor' and 'PrefixingImageNameSubstitutor')
2025-04-28T17:44:37.312-05:00  INFO 4412 --- [cafeteria-app] [           main] org.testcontainers.DockerClientFactory   : Testcontainers version: 1.20.6
2025-04-28T17:44:37.496-05:00  INFO 4412 --- [cafeteria-app] [           main] o.t.d.DockerClientProviderStrategy       : Loaded org.testcontainers.dockerclient.NpipeSocketClientProviderStrategy from ~/.testcontainers.properties, will try it first
2025-04-28T17:44:37.748-05:00  INFO 4412 --- [cafeteria-app] [           main] o.t.d.DockerClientProviderStrategy       : Found Docker environment with local Npipe socket (npipe:////./pipe/docker_engine)
2025-04-28T17:44:37.749-05:00  INFO 4412 --- [cafeteria-app] [           main] org.testcontainers.DockerClientFactory   : Docker host IP address is localhost
2025-04-28T17:44:37.768-05:00  INFO 4412 --- [cafeteria-app] [           main] org.testcontainers.DockerClientFactory   : Connected to docker: 
  Server Version: 27.4.0
  API Version: 1.47
  Operating System: Docker Desktop
  Total Memory: 7841 MB
  Labels: 
    com.docker.desktop.address=npipe://\\.\pipe\docker_cli
2025-04-28T17:44:37.951-05:00  INFO 4412 --- [cafeteria-app] [           main] tc.testcontainers/ryuk:0.11.0            : Creating container for image: testcontainers/ryuk:0.11.0
2025-04-28T17:44:38.140-05:00  INFO 4412 --- [cafeteria-app] [           main] tc.testcontainers/ryuk:0.11.0            : Container testcontainers/ryuk:0.11.0 is starting: 2a42d591ca00a64de63be801f48618f867b31e090e0ce7e8b14758d97b8cdba5
2025-04-28T17:44:38.593-05:00  INFO 4412 --- [cafeteria-app] [           main] tc.testcontainers/ryuk:0.11.0            : Container testcontainers/ryuk:0.11.0 started in PT0.6416538S
2025-04-28T17:44:38.598-05:00  INFO 4412 --- [cafeteria-app] [           main] o.t.utility.RyukResourceReaper           : Ryuk started - will monitor and terminate Testcontainers containers on JVM exit
2025-04-28T17:44:38.598-05:00  INFO 4412 --- [cafeteria-app] [           main] org.testcontainers.DockerClientFactory   : Checking the system...
2025-04-28T17:44:38.599-05:00  INFO 4412 --- [cafeteria-app] [           main] org.testcontainers.DockerClientFactory   : ✔︎ Docker server version should be at least 1.6.0
2025-04-28T17:44:38.601-05:00  INFO 4412 --- [cafeteria-app] [           main] tc.mysql:8.3.0                           : Creating container for image: mysql:8.3.0
2025-04-28T17:44:38.698-05:00  INFO 4412 --- [cafeteria-app] [           main] tc.mysql:8.3.0                           : Container mysql:8.3.0 is starting: 1803382ac9886a5f611b1de09ed9720030ee6c685013f9d8e066b9127c8d7cfb
2025-04-28T17:44:38.988-05:00  INFO 4412 --- [cafeteria-app] [           main] tc.mysql:8.3.0                           : Waiting for database connection to become available at jdbc:mysql://localhost:20527/db_cafeteria using query 'SELECT 1'
2025-04-28T17:44:48.787-05:00  INFO 4412 --- [cafeteria-app] [           main] tc.mysql:8.3.0                           : Container mysql:8.3.0 started in PT10.1859509S
2025-04-28T17:44:48.787-05:00  INFO 4412 --- [cafeteria-app] [           main] tc.mysql:8.3.0                           : Container is started (JDBC URL: jdbc:mysql://localhost:20527/db_cafeteria)
2025-04-28T17:44:49.359-05:00  INFO 4412 --- [cafeteria-app] [           main] org.flywaydb.core.FlywayExecutor         : Database: jdbc:mysql://localhost:20527/db_cafeteria (MySQL 8.3)
2025-04-28T17:44:49.381-05:00  WARN 4412 --- [cafeteria-app] [           main] o.f.c.internal.database.base.Database    : Flyway upgrade recommended: MySQL 8.3 is newer than this version of Flyway and support has not been tested. The latest supported version of MySQL is 8.1.
2025-04-28T17:44:49.416-05:00  INFO 4412 --- [cafeteria-app] [           main] o.f.c.i.s.JdbcTableSchemaHistory         : Schema history table `db_cafeteria`.`flyway_schema_history` does not exist yet
2025-04-28T17:44:49.421-05:00  INFO 4412 --- [cafeteria-app] [           main] o.f.core.internal.command.DbValidate     : Successfully validated 1 migration (execution time 00:00.027s)
2025-04-28T17:44:49.454-05:00  INFO 4412 --- [cafeteria-app] [           main] o.f.c.i.s.JdbcTableSchemaHistory         : Creating Schema History table `db_cafeteria`.`flyway_schema_history` ...
2025-04-28T17:44:49.539-05:00  INFO 4412 --- [cafeteria-app] [           main] o.f.core.internal.command.DbMigrate      : Current version of schema `db_cafeteria`: << Empty Schema >>
2025-04-28T17:44:49.557-05:00  INFO 4412 --- [cafeteria-app] [           main] o.f.core.internal.command.DbMigrate      : Migrating schema `db_cafeteria` to version "1 - create-tables"
2025-04-28T17:44:49.916-05:00  WARN 4412 --- [cafeteria-app] [           main] o.f.c.i.s.DefaultSqlScriptExecutor       : DB: Integer display width is deprecated and will be removed in a future release. (SQL State: HY000 - Error Code: 1681)
2025-04-28T17:44:49.935-05:00  WARN 4412 --- [cafeteria-app] [           main] o.f.c.i.s.DefaultSqlScriptExecutor       : DB: Integer display width is deprecated and will be removed in a future release. (SQL State: HY000 - Error Code: 1681)
2025-04-28T17:44:49.956-05:00  WARN 4412 --- [cafeteria-app] [           main] o.f.c.i.s.DefaultSqlScriptExecutor       : DB: Integer display width is deprecated and will be removed in a future release. (SQL State: HY000 - Error Code: 1681)
2025-04-28T17:44:50.124-05:00  INFO 4412 --- [cafeteria-app] [           main] o.f.core.internal.command.DbMigrate      : Successfully applied 1 migration to schema `db_cafeteria`, now at version v1 (execution time 00:00.534s)
2025-04-28T17:44:50.203-05:00  INFO 4412 --- [cafeteria-app] [           main] com.zaxxer.hikari.HikariDataSource       : HikariPool-1 - Starting...
2025-04-28T17:44:50.239-05:00  INFO 4412 --- [cafeteria-app] [           main] com.zaxxer.hikari.pool.HikariPool        : HikariPool-1 - Added connection com.mysql.cj.jdbc.ConnectionImpl@95958d9
2025-04-28T17:44:50.242-05:00  INFO 4412 --- [cafeteria-app] [           main] com.zaxxer.hikari.HikariDataSource       : HikariPool-1 - Start completed.
2025-04-28T17:44:50.278-05:00  INFO 4412 --- [cafeteria-app] [           main] o.hibernate.jpa.internal.util.LogHelper  : HHH000204: Processing PersistenceUnitInfo [name: default]
2025-04-28T17:44:50.325-05:00  INFO 4412 --- [cafeteria-app] [           main] org.hibernate.Version                    : HHH000412: Hibernate ORM core version 6.6.13.Final
2025-04-28T17:44:50.361-05:00  INFO 4412 --- [cafeteria-app] [           main] o.h.c.internal.RegionFactoryInitiator    : HHH000026: Second-level cache disabled
2025-04-28T17:44:50.594-05:00  INFO 4412 --- [cafeteria-app] [           main] o.s.o.j.p.SpringPersistenceUnitInfo      : No LoadTimeWeaver setup: ignoring JPA class transformer
2025-04-28T17:44:50.661-05:00  INFO 4412 --- [cafeteria-app] [           main] org.hibernate.orm.connections.pooling    : HHH10001005: Database info:
	Database JDBC URL [Connecting through datasource 'HikariDataSource (HikariPool-1)']
	Database driver: undefined/unknown
	Database version: 8.3
	Autocommit mode: undefined/unknown
	Isolation level: undefined/unknown
	Minimum pool size: undefined/unknown
	Maximum pool size: undefined/unknown
2025-04-28T17:44:51.182-05:00  INFO 4412 --- [cafeteria-app] [           main] o.h.e.t.j.p.i.JtaPlatformInitiator       : HHH000489: No JTA platform available (set 'hibernate.transaction.jta.platform' to enable JTA platform integration)
2025-04-28T17:44:51.184-05:00  INFO 4412 --- [cafeteria-app] [           main] j.LocalContainerEntityManagerFactoryBean : Initialized JPA EntityManagerFactory for persistence unit 'default'
2025-04-28T17:44:52.152-05:00  WARN 4412 --- [cafeteria-app] [           main] JpaBaseConfiguration$JpaWebConfiguration : spring.jpa.open-in-view is enabled by default. Therefore, database queries may be performed during view rendering. Explicitly configure spring.jpa.open-in-view to disable this warning
2025-04-28T17:44:53.265-05:00  INFO 4412 --- [cafeteria-app] [           main] o.s.b.w.embedded.tomcat.TomcatWebServer  : Tomcat started on port 20626 (http) with context path '/'
2025-04-28T17:44:53.279-05:00  INFO 4412 --- [cafeteria-app] [           main] c.r.c.CafeteriaAppApplicationTests       : Started CafeteriaAppApplicationTests in 18.737 seconds (process running for 19.837)
2025-04-28T17:44:54.287-05:00  INFO 4412 --- [cafeteria-app] [o-auto-1-exec-1] o.a.c.c.C.[Tomcat].[localhost].[/]       : Initializing Spring DispatcherServlet 'dispatcherServlet'
2025-04-28T17:44:54.287-05:00  INFO 4412 --- [cafeteria-app] [o-auto-1-exec-1] o.s.web.servlet.DispatcherServlet        : Initializing Servlet 'dispatcherServlet'
2025-04-28T17:44:54.289-05:00  INFO 4412 --- [cafeteria-app] [o-auto-1-exec-1] o.s.web.servlet.DispatcherServlet        : Completed initialization in 2 ms
HTTP/1.1 204 
Date: Mon, 28 Apr 2025 22:44:54 GMT
Keep-Alive: timeout=60
Connection: keep-alive
]]></system-out>
    <system-err><![CDATA[Mockito is currently self-attaching to enable the inline-mock-maker. This will no longer work in future releases of the JDK. Please add Mockito as an agent to your build what is described in Mockito's documentation: https://javadoc.io/doc/org.mockito/mockito-core/latest/org/mockito/Mockito.html#0.3
WARNING: A Java agent has been loaded dynamically (C:\Users\ruben\.m2\repository\net\bytebuddy\byte-buddy-agent\1.15.11\byte-buddy-agent-1.15.11.jar)
WARNING: If a serviceability tool is in use, please run with -XX:+EnableDynamicAgentLoading to hide this warning
WARNING: If a serviceability tool is not in use, please run with -Djdk.instrument.traceUsage for more information
WARNING: Dynamic loading of agents will be disallowed by default in a future release
]]></system-err>
  </testcase>
  <testcase name="eliminarProducto" classname="com.rubenrf.cafeteria_app.CafeteriaAppApplicationTests" time="0.232">
    <system-out><![CDATA[HTTP/1.1 201 
Location: http://localhost:20626/api/productos/1
Content-Type: application/json
Transfer-Encoding: chunked
Date: Mon, 28 Apr 2025 22:44:54 GMT
Keep-Alive: timeout=60
Connection: keep-alive

{
    "id": 1,
    "nombre": "Café",
    "precio": 500.0,
    "categoria": "BEBIDA",
    "stock": 100
}
HTTP/1.1 204 
Date: Mon, 28 Apr 2025 22:44:54 GMT
Keep-Alive: timeout=60
Connection: keep-alive
]]></system-out>
  </testcase>
  <testcase name="obtenerProductosVacio" classname="com.rubenrf.cafeteria_app.CafeteriaAppApplicationTests" time="0.022">
    <system-out><![CDATA[HTTP/1.1 204 
Date: Mon, 28 Apr 2025 22:44:54 GMT
Keep-Alive: timeout=60
Connection: keep-alive
]]></system-out>
  </testcase>
  <testcase name="actualizarProducto" classname="com.rubenrf.cafeteria_app.CafeteriaAppApplicationTests" time="0.057">
    <system-out><![CDATA[HTTP/1.1 201 
Location: http://localhost:20626/api/productos/2
Content-Type: application/json
Transfer-Encoding: chunked
Date: Mon, 28 Apr 2025 22:44:54 GMT
Keep-Alive: timeout=60
Connection: keep-alive

{
    "id": 2,
    "nombre": "Café",
    "precio": 500.0,
    "categoria": "BEBIDA",
    "stock": 100
}
HTTP/1.1 200 
Content-Type: application/json
Transfer-Encoding: chunked
Date: Mon, 28 Apr 2025 22:44:54 GMT
Keep-Alive: timeout=60
Connection: keep-alive

{
    "id": 2,
    "nombre": "Café Sello Rojo",
    "precio": 1500.0,
    "categoria": "BEBIDA",
    "stock": 1000
}
]]></system-out>
  </testcase>
  <testcase name="crearCliente" classname="com.rubenrf.cafeteria_app.CafeteriaAppApplicationTests" time="0.042">
    <system-out><![CDATA[HTTP/1.1 201 
Location: http://localhost:20626/api/clientes/1
Content-Type: application/json
Transfer-Encoding: chunked
Date: Mon, 28 Apr 2025 22:44:54 GMT
Keep-Alive: timeout=60
Connection: keep-alive

{
    "id": 1,
    "nombre": "Ruben Robles",
    "correo": "ruben@mail.com",
    "telefono": "+573020202022"
}
]]></system-out>
  </testcase>
  <testcase name="obtenerProducto" classname="com.rubenrf.cafeteria_app.CafeteriaAppApplicationTests" time="0.039">
    <system-out><![CDATA[HTTP/1.1 201 
Location: http://localhost:20626/api/productos/3
Content-Type: application/json
Transfer-Encoding: chunked
Date: Mon, 28 Apr 2025 22:44:54 GMT
Keep-Alive: timeout=60
Connection: keep-alive

{
    "id": 3,
    "nombre": "Café",
    "precio": 500.0,
    "categoria": "BEBIDA",
    "stock": 100
}
HTTP/1.1 200 
Content-Type: application/json
Transfer-Encoding: chunked
Date: Mon, 28 Apr 2025 22:44:54 GMT
Keep-Alive: timeout=60
Connection: keep-alive

{
    "id": 3,
    "nombre": "Café",
    "precio": 500.0,
    "categoria": "BEBIDA",
    "stock": 100
}
]]></system-out>
  </testcase>
  <testcase name="obtenerProductos" classname="com.rubenrf.cafeteria_app.CafeteriaAppApplicationTests" time="0.055">
    <system-out><![CDATA[HTTP/1.1 201 
Location: http://localhost:20626/api/productos/4
Content-Type: application/json
Transfer-Encoding: chunked
Date: Mon, 28 Apr 2025 22:44:54 GMT
Keep-Alive: timeout=60
Connection: keep-alive

{
    "id": 4,
    "nombre": "Café",
    "precio": 500.0,
    "categoria": "BEBIDA",
    "stock": 100
}
HTTP/1.1 201 
Location: http://localhost:20626/api/productos/5
Content-Type: application/json
Transfer-Encoding: chunked
Date: Mon, 28 Apr 2025 22:44:54 GMT
Keep-Alive: timeout=60
Connection: keep-alive

{
    "id": 5,
    "nombre": "Coca Cola 400ml",
    "precio": 2500.0,
    "categoria": "BEBIDA",
    "stock": 100
}
HTTP/1.1 200 
Content-Type: application/json
Transfer-Encoding: chunked
Date: Mon, 28 Apr 2025 22:44:54 GMT
Keep-Alive: timeout=60
Connection: keep-alive

[
    {
        "id": 2,
        "nombre": "Café Sello Rojo",
        "precio": 1500.0,
        "categoria": "BEBIDA",
        "stock": 1000
    },
    {
        "id": 3,
        "nombre": "Café",
        "precio": 500.0,
        "categoria": "BEBIDA",
        "stock": 100
    },
    {
        "id": 4,
        "nombre": "Café",
        "precio": 500.0,
        "categoria": "BEBIDA",
        "stock": 100
    },
    {
        "id": 5,
        "nombre": "Coca Cola 400ml",
        "precio": 2500.0,
        "categoria": "BEBIDA",
        "stock": 100
    }
]
]]></system-out>
  </testcase>
  <testcase name="crearProducto" classname="com.rubenrf.cafeteria_app.CafeteriaAppApplicationTests" time="0.02">
    <system-out><![CDATA[HTTP/1.1 201 
Location: http://localhost:20626/api/productos/6
Content-Type: application/json
Transfer-Encoding: chunked
Date: Mon, 28 Apr 2025 22:44:54 GMT
Keep-Alive: timeout=60
Connection: keep-alive

{
    "id": 6,
    "nombre": "Café",
    "precio": 500.0,
    "categoria": "BEBIDA",
    "stock": 100
}
]]></system-out>
  </testcase>
  <testcase name="obtenerCliente" classname="com.rubenrf.cafeteria_app.CafeteriaAppApplicationTests" time="0.045">
    <system-out><![CDATA[HTTP/1.1 201 
Location: http://localhost:20626/api/clientes/2
Content-Type: application/json
Transfer-Encoding: chunked
Date: Mon, 28 Apr 2025 22:44:55 GMT
Keep-Alive: timeout=60
Connection: keep-alive

{
    "id": 2,
    "nombre": "Ruben Robles",
    "correo": "ruben@mail.com",
    "telefono": "+573020202022"
}
HTTP/1.1 200 
Content-Type: application/json
Transfer-Encoding: chunked
Date: Mon, 28 Apr 2025 22:44:55 GMT
Keep-Alive: timeout=60
Connection: keep-alive

{
    "id": 2,
    "nombre": "Ruben Robles",
    "correo": "ruben@mail.com",
    "telefono": "+573020202022"
}
]]></system-out>
  </testcase>
  <testcase name="actualizarCliente" classname="com.rubenrf.cafeteria_app.CafeteriaAppApplicationTests" time="0.054">
    <system-out><![CDATA[HTTP/1.1 201 
Location: http://localhost:20626/api/clientes/3
Content-Type: application/json
Transfer-Encoding: chunked
Date: Mon, 28 Apr 2025 22:44:55 GMT
Keep-Alive: timeout=60
Connection: keep-alive

{
    "id": 3,
    "nombre": "Ruben Robles",
    "correo": "ruben@mail.com",
    "telefono": "+573020202022"
}
HTTP/1.1 200 
Content-Type: application/json
Transfer-Encoding: chunked
Date: Mon, 28 Apr 2025 22:44:55 GMT
Keep-Alive: timeout=60
Connection: keep-alive

{
    "id": 3,
    "nombre": "Ruben Fontalvo",
    "correo": "ruben2@mail.com",
    "telefono": "+573124400022"
}
]]></system-out>
  </testcase>
  <testcase name="eliminarCliente" classname="com.rubenrf.cafeteria_app.CafeteriaAppApplicationTests" time="0.045">
    <system-out><![CDATA[HTTP/1.1 201 
Location: http://localhost:20626/api/clientes/4
Content-Type: application/json
Transfer-Encoding: chunked
Date: Mon, 28 Apr 2025 22:44:55 GMT
Keep-Alive: timeout=60
Connection: keep-alive

{
    "id": 4,
    "nombre": "Ruben Robles",
    "correo": "ruben@mail.com",
    "telefono": "+573020202022"
}
HTTP/1.1 204 
Date: Mon, 28 Apr 2025 22:44:55 GMT
Keep-Alive: timeout=60
Connection: keep-alive
]]></system-out>
  </testcase>
  <testcase name="obtenerClientes" classname="com.rubenrf.cafeteria_app.CafeteriaAppApplicationTests" time="0.052">
    <system-out><![CDATA[HTTP/1.1 201 
Location: http://localhost:20626/api/clientes/5
Content-Type: application/json
Transfer-Encoding: chunked
Date: Mon, 28 Apr 2025 22:44:55 GMT
Keep-Alive: timeout=60
Connection: keep-alive

{
    "id": 5,
    "nombre": "Ruben Robles",
    "correo": "ruben@mail.com",
    "telefono": "+573020202022"
}
HTTP/1.1 201 
Location: http://localhost:20626/api/clientes/6
Content-Type: application/json
Transfer-Encoding: chunked
Date: Mon, 28 Apr 2025 22:44:55 GMT
Keep-Alive: timeout=60
Connection: keep-alive

{
    "id": 6,
    "nombre": "Diego Montes",
    "correo": "diego@mail.com",
    "telefono": "+573112001122"
}
HTTP/1.1 200 
Content-Type: application/json
Transfer-Encoding: chunked
Date: Mon, 28 Apr 2025 22:44:55 GMT
Keep-Alive: timeout=60
Connection: keep-alive

[
    {
        "id": 1,
        "nombre": "Ruben Robles",
        "correo": "ruben@mail.com",
        "telefono": "+573020202022"
    },
    {
        "id": 2,
        "nombre": "Ruben Robles",
        "correo": "ruben@mail.com",
        "telefono": "+573020202022"
    },
    {
        "id": 3,
        "nombre": "Ruben Fontalvo",
        "correo": "ruben2@mail.com",
        "telefono": "+573124400022"
    },
    {
        "id": 5,
        "nombre": "Ruben Robles",
        "correo": "ruben@mail.com",
        "telefono": "+573020202022"
    },
    {
        "id": 6,
        "nombre": "Diego Montes",
        "correo": "diego@mail.com",
        "telefono": "+573112001122"
    }
]
]]></system-out>
  </testcase>
</testsuite>